<?xml version="1.0" encoding="UTF-8"?>
<testsuite name="com.springAws.www.web.IndexController" tests="1" skipped="0" failures="0" errors="0" timestamp="2021-04-05T13:05:38" hostname="DESKTOP-JAQ2Q8C" time="0.528">
  <properties/>
  <testcase name="loadMainpage()" classname="com.springAws.www.web.IndexController" time="0.528"/>
  <system-out><![CDATA[22:05:30.152 [Test worker] DEBUG org.springframework.test.context.BootstrapUtils - Instantiating CacheAwareContextLoaderDelegate from class [org.springframework.test.context.cache.DefaultCacheAwareContextLoaderDelegate]
22:05:30.173 [Test worker] DEBUG org.springframework.test.context.BootstrapUtils - Instantiating BootstrapContext using constructor [public org.springframework.test.context.support.DefaultBootstrapContext(java.lang.Class,org.springframework.test.context.CacheAwareContextLoaderDelegate)]
22:05:30.223 [Test worker] DEBUG org.springframework.test.context.BootstrapUtils - Instantiating TestContextBootstrapper for test class [com.springAws.www.web.IndexController] from class [org.springframework.boot.test.context.SpringBootTestContextBootstrapper]
22:05:30.248 [Test worker] INFO org.springframework.boot.test.context.SpringBootTestContextBootstrapper - Neither @ContextConfiguration nor @ContextHierarchy found for test class [com.springAws.www.web.IndexController], using SpringBootContextLoader
22:05:30.254 [Test worker] DEBUG org.springframework.test.context.support.AbstractContextLoader - Did not detect default resource location for test class [com.springAws.www.web.IndexController]: class path resource [com/springAws/www/web/IndexController-context.xml] does not exist
22:05:30.255 [Test worker] DEBUG org.springframework.test.context.support.AbstractContextLoader - Did not detect default resource location for test class [com.springAws.www.web.IndexController]: class path resource [com/springAws/www/web/IndexControllerContext.groovy] does not exist
22:05:30.255 [Test worker] INFO org.springframework.test.context.support.AbstractContextLoader - Could not detect default resource locations for test class [com.springAws.www.web.IndexController]: no resource found for suffixes {-context.xml, Context.groovy}.
22:05:30.256 [Test worker] INFO org.springframework.test.context.support.AnnotationConfigContextLoaderUtils - Could not detect default configuration classes for test class [com.springAws.www.web.IndexController]: IndexController does not declare any static, non-private, non-final, nested classes annotated with @Configuration.
22:05:30.338 [Test worker] DEBUG org.springframework.test.context.support.ActiveProfilesUtils - Could not find an 'annotation declaring class' for annotation type [org.springframework.test.context.ActiveProfiles] and class [com.springAws.www.web.IndexController]
22:05:30.523 [Test worker] DEBUG org.springframework.context.annotation.ClassPathScanningCandidateComponentProvider - Identified candidate component class: file [D:\Work\springBootAws\test1\build\classes\java\main\com\springAws\www\Application.class]
22:05:30.525 [Test worker] INFO org.springframework.boot.test.context.SpringBootTestContextBootstrapper - Found @SpringBootConfiguration com.springAws.www.Application for test class com.springAws.www.web.IndexController
22:05:30.686 [Test worker] DEBUG org.springframework.boot.test.context.SpringBootTestContextBootstrapper - @TestExecutionListeners is not present for class [com.springAws.www.web.IndexController]: using defaults.
22:05:30.687 [Test worker] INFO org.springframework.boot.test.context.SpringBootTestContextBootstrapper - Loaded default TestExecutionListener class names from location [META-INF/spring.factories]: [org.springframework.boot.test.autoconfigure.restdocs.RestDocsTestExecutionListener, org.springframework.boot.test.autoconfigure.web.client.MockRestServiceServerResetTestExecutionListener, org.springframework.boot.test.autoconfigure.web.servlet.MockMvcPrintOnlyOnFailureTestExecutionListener, org.springframework.boot.test.autoconfigure.web.servlet.WebDriverTestExecutionListener, org.springframework.boot.test.autoconfigure.webservices.client.MockWebServiceServerTestExecutionListener, org.springframework.boot.test.mock.mockito.MockitoTestExecutionListener, org.springframework.boot.test.mock.mockito.ResetMocksTestExecutionListener, org.springframework.test.context.web.ServletTestExecutionListener, org.springframework.test.context.support.DirtiesContextBeforeModesTestExecutionListener, org.springframework.test.context.support.DependencyInjectionTestExecutionListener, org.springframework.test.context.support.DirtiesContextTestExecutionListener, org.springframework.test.context.transaction.TransactionalTestExecutionListener, org.springframework.test.context.jdbc.SqlScriptsTestExecutionListener, org.springframework.test.context.event.EventPublishingTestExecutionListener]
22:05:30.723 [Test worker] INFO org.springframework.boot.test.context.SpringBootTestContextBootstrapper - Using TestExecutionListeners: [org.springframework.test.context.web.ServletTestExecutionListener@7f45c12c, org.springframework.test.context.support.DirtiesContextBeforeModesTestExecutionListener@d85550c, org.springframework.boot.test.mock.mockito.MockitoTestExecutionListener@6bf44a5d, org.springframework.boot.test.autoconfigure.SpringBootDependencyInjectionTestExecutionListener@2cfbda2, org.springframework.test.context.support.DirtiesContextTestExecutionListener@53524076, org.springframework.test.context.transaction.TransactionalTestExecutionListener@74d85225, org.springframework.test.context.jdbc.SqlScriptsTestExecutionListener@3db74841, org.springframework.test.context.event.EventPublishingTestExecutionListener@426ac0f8, org.springframework.boot.test.autoconfigure.restdocs.RestDocsTestExecutionListener@3fa7933, org.springframework.boot.test.autoconfigure.web.client.MockRestServiceServerResetTestExecutionListener@35854a13, org.springframework.boot.test.autoconfigure.web.servlet.MockMvcPrintOnlyOnFailureTestExecutionListener@32f7f9a2, org.springframework.boot.test.autoconfigure.web.servlet.WebDriverTestExecutionListener@260e8204, org.springframework.boot.test.autoconfigure.webservices.client.MockWebServiceServerTestExecutionListener@76ed5417, org.springframework.boot.test.mock.mockito.ResetMocksTestExecutionListener@69274d0b]
22:05:30.730 [Test worker] DEBUG org.springframework.test.context.support.AbstractDirtiesContextTestExecutionListener - Before test class: context [DefaultTestContext@2d521a68 testClass = IndexController, testInstance = [null], testMethod = [null], testException = [null], mergedContextConfiguration = [WebMergedContextConfiguration@25c76079 testClass = IndexController, locations = '{}', classes = '{class com.springAws.www.Application}', contextInitializerClasses = '[]', activeProfiles = '{}', propertySourceLocations = '{}', propertySourceProperties = '{org.springframework.boot.test.context.SpringBootTestContextBootstrapper=true, server.port=0}', contextCustomizers = set[org.springframework.boot.test.autoconfigure.actuate.metrics.MetricsExportContextCustomizerFactory$DisableMetricExportContextCustomizer@4df45547, org.springframework.boot.test.autoconfigure.properties.PropertyMappingContextCustomizer@0, org.springframework.boot.test.autoconfigure.web.servlet.WebDriverContextCustomizerFactory$Customizer@19e2c0d3, org.springframework.boot.test.context.filter.ExcludeFilterContextCustomizer@3c42da4c, org.springframework.boot.test.json.DuplicateJsonObjectContextCustomizerFactory$DuplicateJsonObjectContextCustomizer@3c71f49e, org.springframework.boot.test.mock.mockito.MockitoContextCustomizer@0, org.springframework.boot.test.web.client.TestRestTemplateContextCustomizer@3af6731b, org.springframework.boot.test.context.SpringBootTestArgs@1, org.springframework.boot.test.context.SpringBootTestWebEnvironment@1c82f73e], resourceBasePath = 'src/main/webapp', contextLoader = 'org.springframework.boot.test.context.SpringBootContextLoader', parent = [null]], attributes = map['org.springframework.test.context.web.ServletTestExecutionListener.activateListener' -> false]], class annotated with @DirtiesContext [false] with mode [null].
22:05:30.751 [Test worker] DEBUG org.springframework.test.context.support.DependencyInjectionTestExecutionListener - Performing dependency injection for test context [[DefaultTestContext@2d521a68 testClass = IndexController, testInstance = com.springAws.www.web.IndexController@6841a756, testMethod = [null], testException = [null], mergedContextConfiguration = [WebMergedContextConfiguration@25c76079 testClass = IndexController, locations = '{}', classes = '{class com.springAws.www.Application}', contextInitializerClasses = '[]', activeProfiles = '{}', propertySourceLocations = '{}', propertySourceProperties = '{org.springframework.boot.test.context.SpringBootTestContextBootstrapper=true, server.port=0}', contextCustomizers = set[org.springframework.boot.test.autoconfigure.actuate.metrics.MetricsExportContextCustomizerFactory$DisableMetricExportContextCustomizer@4df45547, org.springframework.boot.test.autoconfigure.properties.PropertyMappingContextCustomizer@0, org.springframework.boot.test.autoconfigure.web.servlet.WebDriverContextCustomizerFactory$Customizer@19e2c0d3, org.springframework.boot.test.context.filter.ExcludeFilterContextCustomizer@3c42da4c, org.springframework.boot.test.json.DuplicateJsonObjectContextCustomizerFactory$DuplicateJsonObjectContextCustomizer@3c71f49e, org.springframework.boot.test.mock.mockito.MockitoContextCustomizer@0, org.springframework.boot.test.web.client.TestRestTemplateContextCustomizer@3af6731b, org.springframework.boot.test.context.SpringBootTestArgs@1, org.springframework.boot.test.context.SpringBootTestWebEnvironment@1c82f73e], resourceBasePath = 'src/main/webapp', contextLoader = 'org.springframework.boot.test.context.SpringBootContextLoader', parent = [null]], attributes = map['org.springframework.test.context.web.ServletTestExecutionListener.activateListener' -> false]]].
22:05:30.787 [Test worker] DEBUG org.springframework.test.context.support.TestPropertySourceUtils - Adding inlined properties to environment: {spring.jmx.enabled=false, org.springframework.boot.test.context.SpringBootTestContextBootstrapper=true, server.port=0}

  .   ____          _            __ _ _
 /\\ / ___'_ __ _ _(_)_ __  __ _ \ \ \ \
( ( )\___ | '_ | '_| | '_ \/ _` | \ \ \ \
 \\/  ___)| |_)| | | | | || (_| |  ) ) ) )
  '  |____| .__|_| |_|_| |_\__, | / / / /
 =========|_|==============|___/=/_/_/_/
 :: Spring Boot ::                (v2.4.1)

2021-04-05 22:05:31.305  INFO 17008 --- [    Test worker] com.springAws.www.web.IndexController    : Starting IndexController using Java 1.8.0_261 on DESKTOP-JAQ2Q8C with PID 17008 (started by LeeInHee in D:\Work\springBootAws\test1)
2021-04-05 22:05:31.309  INFO 17008 --- [    Test worker] com.springAws.www.web.IndexController    : No active profile set, falling back to default profiles: default
2021-04-05 22:05:32.469  INFO 17008 --- [    Test worker] .s.d.r.c.RepositoryConfigurationDelegate : Bootstrapping Spring Data JPA repositories in DEFAULT mode.
2021-04-05 22:05:32.573  INFO 17008 --- [    Test worker] .s.d.r.c.RepositoryConfigurationDelegate : Finished Spring Data repository scanning in 92 ms. Found 1 JPA repository interfaces.
2021-04-05 22:05:33.637  INFO 17008 --- [    Test worker] o.s.b.w.embedded.tomcat.TomcatWebServer  : Tomcat initialized with port(s): 0 (http)
2021-04-05 22:05:33.741  INFO 17008 --- [    Test worker] o.apache.catalina.core.StandardService   : Starting service [Tomcat]
2021-04-05 22:05:33.741  INFO 17008 --- [    Test worker] org.apache.catalina.core.StandardEngine  : Starting Servlet engine: [Apache Tomcat/9.0.41]
2021-04-05 22:05:33.926  INFO 17008 --- [    Test worker] o.a.c.c.C.[Tomcat].[localhost].[/]       : Initializing Spring embedded WebApplicationContext
2021-04-05 22:05:33.927  INFO 17008 --- [    Test worker] w.s.c.ServletWebServerApplicationContext : Root WebApplicationContext: initialization completed in 2567 ms
2021-04-05 22:05:34.075  INFO 17008 --- [    Test worker] com.zaxxer.hikari.HikariDataSource       : HikariPool-1 - Starting...
2021-04-05 22:05:34.387  INFO 17008 --- [    Test worker] com.zaxxer.hikari.HikariDataSource       : HikariPool-1 - Start completed.
2021-04-05 22:05:34.397  INFO 17008 --- [    Test worker] o.s.b.a.h2.H2ConsoleAutoConfiguration    : H2 console available at '/h2-console'. Database available at 'jdbc:h2:mem://localhost/~/testdb'
2021-04-05 22:05:34.953  INFO 17008 --- [    Test worker] o.hibernate.jpa.internal.util.LogHelper  : HHH000204: Processing PersistenceUnitInfo [name: default]
2021-04-05 22:05:35.100  INFO 17008 --- [    Test worker] org.hibernate.Version                    : HHH000412: Hibernate ORM core version 5.4.25.Final
2021-04-05 22:05:35.426  INFO 17008 --- [    Test worker] o.hibernate.annotations.common.Version   : HCANN000001: Hibernate Commons Annotations {5.1.2.Final}
2021-04-05 22:05:35.667  INFO 17008 --- [    Test worker] org.hibernate.dialect.Dialect            : HHH000400: Using dialect: org.hibernate.dialect.MySQL5InnoDBDialect
Hibernate: drop table if exists posts
Hibernate: create table posts (id bigint not null auto_increment, created_time datetime, modified_date datetime, author varchar(255), content TEXT not null, title varchar(500) not null, primary key (id)) engine=InnoDB
2021-04-05 22:05:36.650  INFO 17008 --- [    Test worker] o.h.e.t.j.p.i.JtaPlatformInitiator       : HHH000490: Using JtaPlatform implementation: [org.hibernate.engine.transaction.jta.platform.internal.NoJtaPlatform]
2021-04-05 22:05:36.662  INFO 17008 --- [    Test worker] j.LocalContainerEntityManagerFactoryBean : Initialized JPA EntityManagerFactory for persistence unit 'default'
2021-04-05 22:05:37.588  WARN 17008 --- [    Test worker] JpaBaseConfiguration$JpaWebConfiguration : spring.jpa.open-in-view is enabled by default. Therefore, database queries may be performed during view rendering. Explicitly configure spring.jpa.open-in-view to disable this warning
2021-04-05 22:05:37.810  INFO 17008 --- [    Test worker] o.s.s.concurrent.ThreadPoolTaskExecutor  : Initializing ExecutorService 'applicationTaskExecutor'
2021-04-05 22:05:38.142  INFO 17008 --- [    Test worker] o.s.b.a.w.s.WelcomePageHandlerMapping    : Adding welcome page template: index
2021-04-05 22:05:38.641  INFO 17008 --- [    Test worker] o.s.b.w.embedded.tomcat.TomcatWebServer  : Tomcat started on port(s): 12840 (http) with context path ''
2021-04-05 22:05:38.656  INFO 17008 --- [    Test worker] com.springAws.www.web.IndexController    : Started IndexController in 7.866 seconds (JVM running for 9.818)
2021-04-05 22:05:38.966  INFO 17008 --- [o-auto-1-exec-2] o.a.c.c.C.[Tomcat].[localhost].[/]       : Initializing Spring DispatcherServlet 'dispatcherServlet'
2021-04-05 22:05:38.967  INFO 17008 --- [o-auto-1-exec-2] o.s.web.servlet.DispatcherServlet        : Initializing Servlet 'dispatcherServlet'
2021-04-05 22:05:38.969  INFO 17008 --- [o-auto-1-exec-2] o.s.web.servlet.DispatcherServlet        : Completed initialization in 2 ms
]]></system-out>
  <system-err><![CDATA[]]></system-err>
</testsuite>
